<?xml version="1.0" encoding="UTF-8"?>
<testng-results skipped="0" failed="0" ignored="0" total="6" passed="6">
  <reporter-output>
  </reporter-output>
  <suite name="Surefire suite" duration-ms="200" started-at="2018-12-18T14:37:36Z" finished-at="2018-12-18T14:37:36Z">
    <groups>
    </groups>
    <test name="Surefire test" duration-ms="200" started-at="2018-12-18T14:37:36Z" finished-at="2018-12-18T14:37:36Z">
      <class name="qaclickacademy.AppiumTest">
        <test-method status="PASS" signature="iosApps()[pri:0, instance:qaclickacademy.AppiumTest@246ae04d]" name="iosApps" duration-ms="12" started-at="2018-12-18T14:37:36Z" finished-at="2018-12-18T14:37:36Z">
          <reporter-output>
          </reporter-output>
        </test-method> <!-- iosApps -->
        <test-method status="PASS" signature="nativeAppAndroid()[pri:0, instance:qaclickacademy.AppiumTest@246ae04d]" name="nativeAppAndroid" duration-ms="0" started-at="2018-12-18T14:37:36Z" finished-at="2018-12-18T14:37:36Z">
          <reporter-output>
          </reporter-output>
        </test-method> <!-- nativeAppAndroid -->
      </class> <!-- qaclickacademy.AppiumTest -->
      <class name="qaclickacademy.RESTAPITest">
        <test-method status="PASS" signature="deleteTwitter()[pri:0, instance:qaclickacademy.RESTAPITest@62043840]" name="deleteTwitter" duration-ms="1" started-at="2018-12-18T14:37:36Z" finished-at="2018-12-18T14:37:36Z">
          <reporter-output>
          </reporter-output>
        </test-method> <!-- deleteTwitter -->
        <test-method status="PASS" signature="postJira()[pri:0, instance:qaclickacademy.RESTAPITest@62043840]" name="postJira" duration-ms="1" started-at="2018-12-18T14:37:36Z" finished-at="2018-12-18T14:37:36Z">
          <reporter-output>
          </reporter-output>
        </test-method> <!-- postJira -->
      </class> <!-- qaclickacademy.RESTAPITest -->
      <class name="qaclickacademy.SeleniumTest">
        <test-method status="PASS" signature="browserAutomation()[pri:0, instance:qaclickacademy.SeleniumTest@5315b42e]" name="browserAutomation" duration-ms="1" started-at="2018-12-18T14:37:36Z" finished-at="2018-12-18T14:37:36Z">
          <reporter-output>
          </reporter-output>
        </test-method> <!-- browserAutomation -->
        <test-method status="PASS" signature="elementsUi()[pri:0, instance:qaclickacademy.SeleniumTest@5315b42e]" name="elementsUi" duration-ms="0" started-at="2018-12-18T14:37:36Z" finished-at="2018-12-18T14:37:36Z">
          <reporter-output>
          </reporter-output>
        </test-method> <!-- elementsUi -->
      </class> <!-- qaclickacademy.SeleniumTest -->
    </test> <!-- Surefire test -->
  </suite> <!-- Surefire suite -->
</testng-results>
